Start testing: Sep 11 17:35 CEST
----------------------------------------------------------
1/14 Testing: sc88_wave_test
1/14 Test: sc88_wave_test
Command: "/var/home/marc/Projects/emusc/build/libemusc/src/sc88_wave_test"
Directory: /var/home/marc/Projects/emusc/build/libemusc/src
"sc88_wave_test" start time: Sep 11 17:35 CEST
Output:
----------------------------------------------------------
<end of output>
Test time =   0.02 sec
----------------------------------------------------------
Test Passed.
"sc88_wave_test" end time: Sep 11 17:35 CEST
"sc88_wave_test" time elapsed: 00:00:00
----------------------------------------------------------

2/14 Testing: sc88_oscillator_test
2/14 Test: sc88_oscillator_test
Command: "/var/home/marc/Projects/emusc/build/libemusc/src/sc88_oscillator_test"
Directory: /var/home/marc/Projects/emusc/build/libemusc/src
"sc88_oscillator_test" start time: Sep 11 17:35 CEST
Output:
----------------------------------------------------------
<end of output>
Test time =   0.00 sec
----------------------------------------------------------
Test Passed.
"sc88_oscillator_test" end time: Sep 11 17:35 CEST
"sc88_oscillator_test" time elapsed: 00:00:00
----------------------------------------------------------

3/14 Testing: sc88_reverb_test
3/14 Test: sc88_reverb_test
Command: "/var/home/marc/Projects/emusc/build/libemusc/src/sc88_reverb_test"
Directory: /var/home/marc/Projects/emusc/build/libemusc/src
"sc88_reverb_test" start time: Sep 11 17:35 CEST
Output:
----------------------------------------------------------
<end of output>
Test time =   0.00 sec
----------------------------------------------------------
Test Passed.
"sc88_reverb_test" end time: Sep 11 17:35 CEST
"sc88_reverb_test" time elapsed: 00:00:00
----------------------------------------------------------

4/14 Testing: sc88_chorus_test
4/14 Test: sc88_chorus_test
Command: "/var/home/marc/Projects/emusc/build/libemusc/src/sc88_chorus_test"
Directory: /var/home/marc/Projects/emusc/build/libemusc/src
"sc88_chorus_test" start time: Sep 11 17:35 CEST
Output:
----------------------------------------------------------
<end of output>
Test time =   0.00 sec
----------------------------------------------------------
Test Passed.
"sc88_chorus_test" end time: Sep 11 17:35 CEST
"sc88_chorus_test" time elapsed: 00:00:00
----------------------------------------------------------

5/14 Testing: sc88_delay_test
5/14 Test: sc88_delay_test
Command: "/var/home/marc/Projects/emusc/build/libemusc/src/sc88_delay_test"
Directory: /var/home/marc/Projects/emusc/build/libemusc/src
"sc88_delay_test" start time: Sep 11 17:35 CEST
Output:
----------------------------------------------------------
<end of output>
Test time =   0.00 sec
----------------------------------------------------------
Test Passed.
"sc88_delay_test" end time: Sep 11 17:35 CEST
"sc88_delay_test" time elapsed: 00:00:00
----------------------------------------------------------

6/14 Testing: sc88_eq_test
6/14 Test: sc88_eq_test
Command: "/var/home/marc/Projects/emusc/build/libemusc/src/sc88_eq_test"
Directory: /var/home/marc/Projects/emusc/build/libemusc/src
"sc88_eq_test" start time: Sep 11 17:35 CEST
Output:
----------------------------------------------------------
<end of output>
Test time =   0.00 sec
----------------------------------------------------------
Test Passed.
"sc88_eq_test" end time: Sep 11 17:35 CEST
"sc88_eq_test" time elapsed: 00:00:00
----------------------------------------------------------

7/14 Testing: sc88_drum_test
7/14 Test: sc88_drum_test
Command: "/var/home/marc/Projects/emusc/build/libemusc/src/sc88_drum_test"
Directory: /var/home/marc/Projects/emusc/build/libemusc/src
"sc88_drum_test" start time: Sep 11 17:35 CEST
Output:
----------------------------------------------------------
<end of output>
Test time =   0.00 sec
----------------------------------------------------------
Test Passed.
"sc88_drum_test" end time: Sep 11 17:35 CEST
"sc88_drum_test" time elapsed: 00:00:00
----------------------------------------------------------

8/14 Testing: sc88_lfo_test
8/14 Test: sc88_lfo_test
Command: "/var/home/marc/Projects/emusc/build/libemusc/src/sc88_lfo_test"
Directory: /var/home/marc/Projects/emusc/build/libemusc/src
"sc88_lfo_test" start time: Sep 11 17:35 CEST
Output:
----------------------------------------------------------
<end of output>
Test time =   0.00 sec
----------------------------------------------------------
Test Passed.
"sc88_lfo_test" end time: Sep 11 17:35 CEST
"sc88_lfo_test" time elapsed: 00:00:00
----------------------------------------------------------

9/14 Testing: sc88_pitch_test
9/14 Test: sc88_pitch_test
Command: "/var/home/marc/Projects/emusc/build/libemusc/src/sc88_pitch_test"
Directory: /var/home/marc/Projects/emusc/build/libemusc/src
"sc88_pitch_test" start time: Sep 11 17:35 CEST
Output:
----------------------------------------------------------
<end of output>
Test time =   0.00 sec
----------------------------------------------------------
Test Passed.
"sc88_pitch_test" end time: Sep 11 17:35 CEST
"sc88_pitch_test" time elapsed: 00:00:00
----------------------------------------------------------

10/14 Testing: sc88_tvf_test
10/14 Test: sc88_tvf_test
Command: "/var/home/marc/Projects/emusc/build/libemusc/src/sc88_tvf_test"
Directory: /var/home/marc/Projects/emusc/build/libemusc/src
"sc88_tvf_test" start time: Sep 11 17:35 CEST
Output:
----------------------------------------------------------
<end of output>
Test time =   0.00 sec
----------------------------------------------------------
Test Passed.
"sc88_tvf_test" end time: Sep 11 17:35 CEST
"sc88_tvf_test" time elapsed: 00:00:00
----------------------------------------------------------

11/14 Testing: sc88_rom_test
11/14 Test: sc88_rom_test
Command: "/var/home/marc/Projects/emusc/build/libemusc/src/sc88_rom_test"
Directory: /var/home/marc/Projects/emusc/build/libemusc/src
"sc88_rom_test" start time: Sep 11 17:35 CEST
Output:
----------------------------------------------------------
<end of output>
Test time =   0.00 sec
----------------------------------------------------------
Test Passed.
"sc88_rom_test" end time: Sep 11 17:35 CEST
"sc88_rom_test" time elapsed: 00:00:00
----------------------------------------------------------

12/14 Testing: sc88_renderer_test
12/14 Test: sc88_renderer_test
Command: "/var/home/marc/Projects/emusc/build/libemusc/src/sc88_renderer_test"
Directory: /var/home/marc/Projects/emusc/build/libemusc/src
"sc88_renderer_test" start time: Sep 11 17:35 CEST
Output:
----------------------------------------------------------
<end of output>
Test time =   0.00 sec
----------------------------------------------------------
Test Passed.
"sc88_renderer_test" end time: Sep 11 17:35 CEST
"sc88_renderer_test" time elapsed: 00:00:00
----------------------------------------------------------

13/14 Testing: sc88_engine_test
13/14 Test: sc88_engine_test
Command: "/var/home/marc/Projects/emusc/build/libemusc/src/sc88_engine_test"
Directory: /var/home/marc/Projects/emusc/build/libemusc/src
"sc88_engine_test" start time: Sep 11 17:35 CEST
Output:
----------------------------------------------------------
<end of output>
Test time =   0.00 sec
----------------------------------------------------------
Test Passed.
"sc88_engine_test" end time: Sep 11 17:35 CEST
"sc88_engine_test" time elapsed: 00:00:00
----------------------------------------------------------

14/14 Testing: sc88_device_test
14/14 Test: sc88_device_test
Command: "/var/home/marc/Projects/emusc/build/libemusc/src/sc88_device_test"
Directory: /var/home/marc/Projects/emusc/build/libemusc/src
"sc88_device_test" start time: Sep 11 17:35 CEST
Output:
----------------------------------------------------------
<end of output>
Test time =   0.00 sec
----------------------------------------------------------
Test Passed.
"sc88_device_test" end time: Sep 11 17:35 CEST
"sc88_device_test" time elapsed: 00:00:00
----------------------------------------------------------

End testing: Sep 11 17:35 CEST
